APPLICATION_BINARY_DIR:PATH=/home/ee/sensing_fw/tests/data/build
APPLICATION_SOURCE_DIR:PATH=/home/ee/ncs/zephyr/share/sysbuild/template
APP_DIR:PATH=/home/ee/sensing_fw/tests/data
BOARD_DIR:PATH=/home/ee/ncs/zephyr/boards/native/native_sim
BOARD_DIRECTORIES:INTERNAL=/home/ee/ncs/zephyr/boards/native/native_sim
BOARD_EXTENSIONS:BOOL=ON
BOARD_ROOT:PATH=/home/ee/sensing_fw
CACHED_BOARD:STRING=native_sim
CACHED_SHIELD:STRING=
CACHED_SNIPPET:STRING=
FIND_PACKAGE_MESSAGE_DETAILS_Python3:INTERNAL=[/opt/venv/bin/python3][found components: Interpreter ][v3.12.3(3.10)]
HWM:INTERNAL=v2
HWMv2:INTERNAL=True
WEST:INTERNAL=/opt/venv/bin/python3;-m;west
WEST_PYTHON:UNINITIALIZED=/opt/venv/bin/python3
ZEPHYR_BASE:PATH=/home/ee/ncs/zephyr
Zephyr_DIR:PATH=/home/ee/ncs/zephyr/share/zephyr-package/cmake
_Python3_Compiler_REASON_FAILURE:INTERNAL=
_Python3_Development_REASON_FAILURE:INTERNAL=
_Python3_EXECUTABLE:INTERNAL=/opt/venv/bin/python3
_Python3_INTERPRETER_PROPERTIES:INTERNAL=Python;3;12;3;64;<none>;cpython-312-x86_64-linux-gnu;abi3;/usr/lib/python3.12;/opt/venv/lib/python3.12;/opt/venv/lib/python3.12/site-packages;/opt/venv/lib/python3.12/site-packages
_Python3_INTERPRETER_SIGNATURE:INTERNAL=9b8f322880b2614edc26c24cd78b7e77
_Python3_NumPy_REASON_FAILURE:INTERNAL=
sysbuild_toplevel_BINARY_DIR:STATIC=/home/ee/sensing_fw/tests/data/build
sysbuild_toplevel_IS_TOP_LEVEL:STATIC=ON
sysbuild_toplevel_SOURCE_DIR:STATIC=/home/ee/ncs/zephyr/share/sysbuild
BOARD:STRING=native_sim/native
SYSBUILD_NAME:STRING=data
SYSBUILD_MAIN_APP:BOOL=True
